<?xml version="1.0" encoding="UTF-8"?>
<!-- Generated by org.testng.reporters.JUnitReportReporter -->
<testsuite skipped="0" hostname="anafs-MacBook-Pro.local" name="com.cybertek.MockarooDataValidation" tests="3" failures="0" timestamp="26 Jun 2018 22:16:14 GMT" time="18.962" errors="0">
  <testcase name="test" time="2.984" classname="com.cybertek.MockarooDataValidation"/>
  <testcase name="create" time="15.954" classname="com.cybertek.MockarooDataValidation"/>
  <testcase name="runner" time="0.024" classname="com.cybertek.MockarooDataValidation"/>
</testsuite> <!-- com.cybertek.MockarooDataValidation -->
