<?xml version="1.0" encoding="UTF-8"?>
<!-- Generated by org.testng.reporters.JUnitReportReporter -->
<testsuite skipped="0" hostname="anafs-MacBook-Pro.local" name="com.cybertek.TestNGDemo" tests="2" failures="0" timestamp="25 Jun 2018 23:26:54 GMT" time="0.011" errors="0">
  <testcase name="testone" time="0.007" classname="com.cybertek.TestNGDemo"/>
  <testcase name="testsecond" time="0.004" classname="com.cybertek.TestNGDemo"/>
</testsuite> <!-- com.cybertek.TestNGDemo -->
